<?xml version="1.0" encoding="UTF-8"?>
<testng-results skipped="0" failed="1" ignored="0" total="3" passed="2">
  <reporter-output>
  </reporter-output>
  <suite name="Default suite" duration-ms="18838" started-at="2019-07-09T07:13:56Z" finished-at="2019-07-09T07:14:15Z">
    <groups>
    </groups>
    <test name="Default test" duration-ms="18838" started-at="2019-07-09T07:13:56Z" finished-at="2019-07-09T07:14:15Z">
      <class name="ApolloMunichWebsiteAutomation.ApolloMunichWebsiteAutomation.HealthInsurance">
        <test-method status="PASS" signature="launchBrowser()[pri:0, instance:ApolloMunichWebsiteAutomation.ApolloMunichWebsiteAutomation.HealthInsurance@3e6fa38a]" name="launchBrowser" is-config="true" duration-ms="5210" started-at="2019-07-09T07:13:56Z" finished-at="2019-07-09T07:14:01Z">
          <reporter-output>
          </reporter-output>
        </test-method> <!-- launchBrowser -->
        <test-method status="FAIL" signature="VerifyTitle()[pri:0, instance:ApolloMunichWebsiteAutomation.ApolloMunichWebsiteAutomation.HealthInsurance@3e6fa38a]" name="VerifyTitle" duration-ms="45" started-at="2019-07-09T07:14:01Z" finished-at="2019-07-09T07:14:01Z">
          <exception class="java.lang.AssertionError">
            <message>
              <![CDATA[expected [Apollo Munich | Online Health Insurance Company in India] but found [Apollo Munich | Online Health Insurance Company in India |]]]>
            </message>
            <full-stacktrace>
              <![CDATA[java.lang.AssertionError: expected [Apollo Munich | Online Health Insurance Company in India] but found [Apollo Munich | Online Health Insurance Company in India |]
at org.testng.Assert.fail(Assert.java:96)
at org.testng.Assert.failNotEquals(Assert.java:776)
at org.testng.Assert.assertEqualsImpl(Assert.java:137)
at org.testng.Assert.assertEquals(Assert.java:118)
at org.testng.Assert.assertEquals(Assert.java:453)
at org.testng.Assert.assertEquals(Assert.java:463)
at ApolloMunichWebsiteAutomation.ApolloMunichWebsiteAutomation.HealthInsurance.VerifyTitle(HealthInsurance.java:40)
at sun.reflect.NativeMethodAccessorImpl.invoke0(Native Method)
at sun.reflect.NativeMethodAccessorImpl.invoke(NativeMethodAccessorImpl.java:62)
at sun.reflect.DelegatingMethodAccessorImpl.invoke(DelegatingMethodAccessorImpl.java:43)
at java.lang.reflect.Method.invoke(Method.java:498)
at org.testng.internal.MethodInvocationHelper.invokeMethod(MethodInvocationHelper.java:124)
at org.testng.internal.Invoker.invokeMethod(Invoker.java:583)
at org.testng.internal.Invoker.invokeTestMethod(Invoker.java:719)
at org.testng.internal.Invoker.invokeTestMethods(Invoker.java:989)
at org.testng.internal.TestMethodWorker.invokeTestMethods(TestMethodWorker.java:125)
at org.testng.internal.TestMethodWorker.run(TestMethodWorker.java:109)
at org.testng.TestRunner.privateRun(TestRunner.java:648)
at org.testng.TestRunner.run(TestRunner.java:505)
at org.testng.SuiteRunner.runTest(SuiteRunner.java:455)
at org.testng.SuiteRunner.runSequentially(SuiteRunner.java:450)
at org.testng.SuiteRunner.privateRun(SuiteRunner.java:415)
at org.testng.SuiteRunner.run(SuiteRunner.java:364)
at org.testng.SuiteRunnerWorker.runSuite(SuiteRunnerWorker.java:52)
at org.testng.SuiteRunnerWorker.run(SuiteRunnerWorker.java:84)
at org.testng.TestNG.runSuitesSequentially(TestNG.java:1208)
at org.testng.TestNG.runSuitesLocally(TestNG.java:1137)
at org.testng.TestNG.runSuites(TestNG.java:1049)
at org.testng.TestNG.run(TestNG.java:1017)
at org.testng.remote.AbstractRemoteTestNG.run(AbstractRemoteTestNG.java:115)
at org.testng.remote.RemoteTestNG.initAndRun(RemoteTestNG.java:251)
at org.testng.remote.RemoteTestNG.main(RemoteTestNG.java:77)
]]>
            </full-stacktrace>
          </exception> <!-- java.lang.AssertionError -->
          <reporter-output>
          </reporter-output>
        </test-method> <!-- VerifyTitle -->
        <test-method status="PASS" signature="closeAdvertisement()[pri:1, instance:ApolloMunichWebsiteAutomation.ApolloMunichWebsiteAutomation.HealthInsurance@3e6fa38a]" name="closeAdvertisement" duration-ms="71" started-at="2019-07-09T07:14:01Z" finished-at="2019-07-09T07:14:01Z">
          <reporter-output>
          </reporter-output>
        </test-method> <!-- closeAdvertisement -->
        <test-method status="PASS" signature="findBrokenLinks()[pri:2, instance:ApolloMunichWebsiteAutomation.ApolloMunichWebsiteAutomation.HealthInsurance@3e6fa38a]" name="findBrokenLinks" duration-ms="13372" started-at="2019-07-09T07:14:01Z" finished-at="2019-07-09T07:14:15Z">
          <reporter-output>
          </reporter-output>
        </test-method> <!-- findBrokenLinks -->
        <test-method status="PASS" signature="closeBrowser()[pri:0, instance:ApolloMunichWebsiteAutomation.ApolloMunichWebsiteAutomation.HealthInsurance@3e6fa38a]" name="closeBrowser" is-config="true" duration-ms="83" started-at="2019-07-09T07:14:15Z" finished-at="2019-07-09T07:14:15Z">
          <reporter-output>
          </reporter-output>
        </test-method> <!-- closeBrowser -->
      </class> <!-- ApolloMunichWebsiteAutomation.ApolloMunichWebsiteAutomation.HealthInsurance -->
    </test> <!-- Default test -->
  </suite> <!-- Default suite -->
</testng-results>
